Determining if the pthread_create exist failed with the following output:
Change Dir: /home/ubeagle/GitHub/simpleRosH/build/CMakeFiles/CMakeTmp

Run Build Command:/usr/bin/make "cmTryCompileExec441952708/fast"
/usr/bin/make -f CMakeFiles/cmTryCompileExec441952708.dir/build.make CMakeFiles/cmTryCompileExec441952708.dir/build
make[1]: Entering directory `/home/ubeagle/GitHub/simpleRosH/build/CMakeFiles/CMakeTmp'
/usr/bin/cmake -E cmake_progress_report /home/ubeagle/GitHub/simpleRosH/build/CMakeFiles/CMakeTmp/CMakeFiles 1
Building C object CMakeFiles/cmTryCompileExec441952708.dir/CheckSymbolExists.c.o
/usr/bin/cc    -o CMakeFiles/cmTryCompileExec441952708.dir/CheckSymbolExists.c.o   -c /home/ubeagle/GitHub/simpleRosH/build/CMakeFiles/CMakeTmp/CheckSymbolExists.c
Linking C executable cmTryCompileExec441952708
/usr/bin/cmake -E cmake_link_script CMakeFiles/cmTryCompileExec441952708.dir/link.txt --verbose=1
/usr/bin/cc         CMakeFiles/cmTryCompileExec441952708.dir/CheckSymbolExists.c.o  -o cmTryCompileExec441952708 -rdynamic 
CMakeFiles/cmTryCompileExec441952708.dir/CheckSymbolExists.c.o: In function `main':
CheckSymbolExists.c:(.text+0xe): undefined reference to `pthread_create'
CheckSymbolExists.c:(.text+0x12): undefined reference to `pthread_create'
collect2: error: ld returned 1 exit status
make[1]: Leaving directory `/home/ubeagle/GitHub/simpleRosH/build/CMakeFiles/CMakeTmp'
make[1]: *** [cmTryCompileExec441952708] Error 1
make: *** [cmTryCompileExec441952708/fast] Error 2

File /home/ubeagle/GitHub/simpleRosH/build/CMakeFiles/CMakeTmp/CheckSymbolExists.c:
/* */
#include <pthread.h>

int main(int argc, char** argv)
{
  (void)argv;
#ifndef pthread_create
  return ((int*)(&pthread_create))[argc];
#else
  (void)argc;
  return 0;
#endif
}

Determining if the function pthread_create exists in the pthreads failed with the following output:
Change Dir: /home/ubeagle/GitHub/simpleRosH/build/CMakeFiles/CMakeTmp

Run Build Command:/usr/bin/make "cmTryCompileExec3844187332/fast"
/usr/bin/make -f CMakeFiles/cmTryCompileExec3844187332.dir/build.make CMakeFiles/cmTryCompileExec3844187332.dir/build
make[1]: Entering directory `/home/ubeagle/GitHub/simpleRosH/build/CMakeFiles/CMakeTmp'
/usr/bin/cmake -E cmake_progress_report /home/ubeagle/GitHub/simpleRosH/build/CMakeFiles/CMakeTmp/CMakeFiles 1
Building C object CMakeFiles/cmTryCompileExec3844187332.dir/CheckFunctionExists.c.o
/usr/bin/cc   -DCHECK_FUNCTION_EXISTS=pthread_create   -o CMakeFiles/cmTryCompileExec3844187332.dir/CheckFunctionExists.c.o   -c /usr/share/cmake-2.8/Modules/CheckFunctionExists.c
Linking C executable cmTryCompileExec3844187332
/usr/bin/cmake -E cmake_link_script CMakeFiles/cmTryCompileExec3844187332.dir/link.txt --verbose=1
/usr/bin/cc     -DCHECK_FUNCTION_EXISTS=pthread_create    CMakeFiles/cmTryCompileExec3844187332.dir/CheckFunctionExists.c.o  -o cmTryCompileExec3844187332 -rdynamic -lpthreads 
/usr/bin/ld: cannot find -lpthreads
collect2: error: ld returned 1 exit status
make[1]: Leaving directory `/home/ubeagle/GitHub/simpleRosH/build/CMakeFiles/CMakeTmp'
make[1]: *** [cmTryCompileExec3844187332] Error 1
make: *** [cmTryCompileExec3844187332/fast] Error 2


